<?xml version="1.0" encoding="UTF-8"?>
<!-- Generated by org.testng.reporters.JUnitReportReporter -->
<testsuite hostname="DESKTOP-6L5OSPK" failures="0" tests="2" name="testcases.facebook" time="38.398" errors="0" timestamp="2021-02-23T14:35:23 IST" skipped="0">
  <testcase classname="testcases.facebook" name="launchBrowser" time="20.098"/>
  <system-out/>
  <testcase classname="testcases.facebook" name="launchBrowser" time="18.300"/>
  <system-out/>
</testsuite> <!-- testcases.facebook -->
